<?xml version="1.0" encoding="UTF-8"?>
<!-- Generated by org.testng.reporters.JUnitReportReporter -->
<testsuite hostname="sattiieshh-PC" name="com.testng.examples.searchexamples" tests="1" failures="0" timestamp="14 Jun 2017 01:46:30 GMT" time="0.000" errors="1">
  <testcase name="searchTestNGInGoogle" time="0.000" classname="com.testng.examples.searchexamples">
    <error type="org.openqa.selenium.WebDriverException" message="Failed to connect to binary FirefoxBinary(C:\Program Files\Mozilla Firefox\firefox.exe) on port 7055; process output follows: 
s.xpi	DEBUG	Registering manifest for C:\Program Files\Mozilla Firefox\browser\features\webcompat@mozilla.org.xpi
1497404745552	addons.xpi	DEBUG	Calling bootstrap method startup on webcompat@mozilla.org version 1.0
1497404745554	addons.manager	DEBUG	Registering shutdown blocker for XPIProvider
1497404745554	addons.manager	DEBUG	Provider finished startup: XPIProvider
1497404745554	addons.manager	DEBUG	Starting provider: LightweightThemeManager
1497404745554	addons.manager	DEBUG	Registering shutdown blocker for LightweightThemeManager
1497404745554	addons.manager	DEBUG	Provider finished startup: LightweightThemeManager
1497404745554	addons.manager	DEBUG	Starting provider: GMPProvider
1497404745558	addons.manager	DEBUG	Registering shutdown blocker for GMPProvider
1497404745559	addons.manager	DEBUG	Provider finished startup: GMPProvider
1497404745559	addons.manager	DEBUG	Starting provider: PluginProvider
1497404745559	addons.manager	DEBUG	Registering shutdown blocker for PluginProvider
1497404745559	addons.manager	DEBUG	Provider finished startup: PluginProvider
1497404745560	addons.manager	DEBUG	Completed startup sequence
1497404746943	DeferredSave.extensions.json	DEBUG	Starting timer
1497404746954	addons.manager	DEBUG	Starting provider: &lt;unnamed-provider&gt;
1497404746954	addons.manager	DEBUG	Registering shutdown blocker for &lt;unnamed-provider&gt;
1497404746955	addons.manager	DEBUG	Provider finished startup: &lt;unnamed-provider&gt;
1497404746969	DeferredSave.extensions.json	DEBUG	Starting write
1497404747656	addons.repository	DEBUG	No addons.json found.
1497404747656	DeferredSave.addons.json	DEBUG	Save changes
1497404747659	DeferredSave.addons.json	DEBUG	Starting timer
1497404747736	addons.manager	DEBUG	Starting provider: PreviousExperimentProvider
1497404747737	addons.manager	DEBUG	Registering shutdown blocker for PreviousExperimentProvider
1497404747737	addons.manager	DEBUG	Provider finished startup: PreviousExperimentProvider
1497404747741	DeferredSave.addons.json	DEBUG	Starting write
1497404747743	DeferredSave.extensions.json	DEBUG	Write succeeded
1497404747789	DeferredSave.addons.json	DEBUG	Write succeeded
[GPU 16428] WARNING: pipe error: 109: file c:/builds/moz2_slave/m-rel-w64-00000000000000000000/build/src/ipc/chromium/src/chrome/common/ipc_channel_win.cc, line 346
1497404782105	addons.xpi	DEBUG	Calling bootstrap method shutdown on webcompat@mozilla.org version 1.0
1497404782105	addons.xpi	DEBUG	Calling bootstrap method shutdown on firefox@getpocket.com version 1.0.5
1497404782106	addons.xpi	DEBUG	Calling bootstrap method shutdown on e10srollout@mozilla.org version 1.14
1497404782107	addons.xpi	DEBUG	Calling bootstrap method shutdown on aushelper@mozilla.org version 2.0
[GPU 16428] WARNING: pipe error: 109: file c:/builds/moz2_slave/m-rel-w64-00000000000000000000/build/src/ipc/chromium/src/chrome/common/ipc_channel_win.cc, line 346
[Child 21724] WARNING: pipe error: 109: file c:/builds/moz2_slave/m-rel-w64-00000000000000000000/build/src/ipc/chromium/src/chrome/common/ipc_channel_win.cc, line 346
[Child 21724] WARNING: pipe error: 109: file c:/builds/moz2_slave/m-rel-w64-00000000000000000000/build/src/ipc/chromium/src/chrome/common/ipc_channel_win.cc, line 346
1497404782266	addons.manager	DEBUG	shutdown
1497404782266	addons.manager	DEBUG	Calling shutdown blocker for XPIProvider
1497404782266	addons.xpi	DEBUG	shutdown
1497404782266	addons.xpi-utils	DEBUG	shutdown
1497404782267	addons.manager	DEBUG	Calling shutdown blocker for LightweightThemeManager
1497404782267	addons.manager	DEBUG	Calling shutdown blocker for GMPProvider
1497404782269	addons.manager	DEBUG	Calling shutdown blocker for PluginProvider
1497404782269	addons.manager	DEBUG	Calling shutdown blocker for &lt;unnamed-provider&gt;
1497404782270	addons.manager	DEBUG	Calling shutdown blocker for PreviousExperimentProvider
1497404782272	addons.xpi	DEBUG	Notifying XPI shutdown observers
1497404782275	addons.manager	DEBUG	Async provider shutdown done

###!!! [Child][MessageChannel::SendAndWait] Error: Channel error: cannot send/recv


Build info: version: &#039;2.51.0&#039;, revision: &#039;1af067d&#039;, time: &#039;2016-02-05 19:15:17&#039;
System info: host: &#039;sattiieshh-PC&#039;, ip: &#039;192.168.70.2&#039;, os.name: &#039;Windows 10&#039;, os.arch: &#039;amd64&#039;, os.version: &#039;10.0&#039;, java.version: &#039;1.8.0_73&#039;
Driver info: driver.version: FirefoxDriver">
      <![CDATA[org.openqa.selenium.WebDriverException: Failed to connect to binary FirefoxBinary(C:\Program Files\Mozilla Firefox\firefox.exe) on port 7055; process output follows: 
s.xpi	DEBUG	Registering manifest for C:\Program Files\Mozilla Firefox\browser\features\webcompat@mozilla.org.xpi
1497404745552	addons.xpi	DEBUG	Calling bootstrap method startup on webcompat@mozilla.org version 1.0
1497404745554	addons.manager	DEBUG	Registering shutdown blocker for XPIProvider
1497404745554	addons.manager	DEBUG	Provider finished startup: XPIProvider
1497404745554	addons.manager	DEBUG	Starting provider: LightweightThemeManager
1497404745554	addons.manager	DEBUG	Registering shutdown blocker for LightweightThemeManager
1497404745554	addons.manager	DEBUG	Provider finished startup: LightweightThemeManager
1497404745554	addons.manager	DEBUG	Starting provider: GMPProvider
1497404745558	addons.manager	DEBUG	Registering shutdown blocker for GMPProvider
1497404745559	addons.manager	DEBUG	Provider finished startup: GMPProvider
1497404745559	addons.manager	DEBUG	Starting provider: PluginProvider
1497404745559	addons.manager	DEBUG	Registering shutdown blocker for PluginProvider
1497404745559	addons.manager	DEBUG	Provider finished startup: PluginProvider
1497404745560	addons.manager	DEBUG	Completed startup sequence
1497404746943	DeferredSave.extensions.json	DEBUG	Starting timer
1497404746954	addons.manager	DEBUG	Starting provider: <unnamed-provider>
1497404746954	addons.manager	DEBUG	Registering shutdown blocker for <unnamed-provider>
1497404746955	addons.manager	DEBUG	Provider finished startup: <unnamed-provider>
1497404746969	DeferredSave.extensions.json	DEBUG	Starting write
1497404747656	addons.repository	DEBUG	No addons.json found.
1497404747656	DeferredSave.addons.json	DEBUG	Save changes
1497404747659	DeferredSave.addons.json	DEBUG	Starting timer
1497404747736	addons.manager	DEBUG	Starting provider: PreviousExperimentProvider
1497404747737	addons.manager	DEBUG	Registering shutdown blocker for PreviousExperimentProvider
1497404747737	addons.manager	DEBUG	Provider finished startup: PreviousExperimentProvider
1497404747741	DeferredSave.addons.json	DEBUG	Starting write
1497404747743	DeferredSave.extensions.json	DEBUG	Write succeeded
1497404747789	DeferredSave.addons.json	DEBUG	Write succeeded
[GPU 16428] WARNING: pipe error: 109: file c:/builds/moz2_slave/m-rel-w64-00000000000000000000/build/src/ipc/chromium/src/chrome/common/ipc_channel_win.cc, line 346
1497404782105	addons.xpi	DEBUG	Calling bootstrap method shutdown on webcompat@mozilla.org version 1.0
1497404782105	addons.xpi	DEBUG	Calling bootstrap method shutdown on firefox@getpocket.com version 1.0.5
1497404782106	addons.xpi	DEBUG	Calling bootstrap method shutdown on e10srollout@mozilla.org version 1.14
1497404782107	addons.xpi	DEBUG	Calling bootstrap method shutdown on aushelper@mozilla.org version 2.0
[GPU 16428] WARNING: pipe error: 109: file c:/builds/moz2_slave/m-rel-w64-00000000000000000000/build/src/ipc/chromium/src/chrome/common/ipc_channel_win.cc, line 346
[Child 21724] WARNING: pipe error: 109: file c:/builds/moz2_slave/m-rel-w64-00000000000000000000/build/src/ipc/chromium/src/chrome/common/ipc_channel_win.cc, line 346
[Child 21724] WARNING: pipe error: 109: file c:/builds/moz2_slave/m-rel-w64-00000000000000000000/build/src/ipc/chromium/src/chrome/common/ipc_channel_win.cc, line 346
1497404782266	addons.manager	DEBUG	shutdown
1497404782266	addons.manager	DEBUG	Calling shutdown blocker for XPIProvider
1497404782266	addons.xpi	DEBUG	shutdown
1497404782266	addons.xpi-utils	DEBUG	shutdown
1497404782267	addons.manager	DEBUG	Calling shutdown blocker for LightweightThemeManager
1497404782267	addons.manager	DEBUG	Calling shutdown blocker for GMPProvider
1497404782269	addons.manager	DEBUG	Calling shutdown blocker for PluginProvider
1497404782269	addons.manager	DEBUG	Calling shutdown blocker for <unnamed-provider>
1497404782270	addons.manager	DEBUG	Calling shutdown blocker for PreviousExperimentProvider
1497404782272	addons.xpi	DEBUG	Notifying XPI shutdown observers
1497404782275	addons.manager	DEBUG	Async provider shutdown done

###!!! [Child][MessageChannel::SendAndWait] Error: Channel error: cannot send/recv


Build info: version: '2.51.0', revision: '1af067d', time: '2016-02-05 19:15:17'
System info: host: 'sattiieshh-PC', ip: '192.168.70.2', os.name: 'Windows 10', os.arch: 'amd64', os.version: '10.0', java.version: '1.8.0_73'
Driver info: driver.version: FirefoxDriver
	at org.openqa.selenium.firefox.internal.NewProfileExtensionConnection.start(NewProfileExtensionConnection.java:124)
	at org.openqa.selenium.firefox.FirefoxDriver.startClient(FirefoxDriver.java:271)
	at org.openqa.selenium.remote.RemoteWebDriver.<init>(RemoteWebDriver.java:119)
	at org.openqa.selenium.firefox.FirefoxDriver.<init>(FirefoxDriver.java:218)
	at org.openqa.selenium.firefox.FirefoxDriver.<init>(FirefoxDriver.java:211)
	at org.openqa.selenium.firefox.FirefoxDriver.<init>(FirefoxDriver.java:207)
	at org.openqa.selenium.firefox.FirefoxDriver.<init>(FirefoxDriver.java:120)
	at com.testng.examples.searchexamples.initDriver(searchexamples.java:20)
	at sun.reflect.NativeMethodAccessorImpl.invoke0(Native Method)
	at sun.reflect.NativeMethodAccessorImpl.invoke(NativeMethodAccessorImpl.java:62)
	at sun.reflect.DelegatingMethodAccessorImpl.invoke(DelegatingMethodAccessorImpl.java:43)
	at java.lang.reflect.Method.invoke(Method.java:497)
	at org.testng.internal.MethodInvocationHelper.invokeMethod(MethodInvocationHelper.java:85)
	at org.testng.internal.Invoker.invokeConfigurationMethod(Invoker.java:510)
	at org.testng.internal.Invoker.invokeConfigurations(Invoker.java:211)
	at org.testng.internal.Invoker.invokeConfigurations(Invoker.java:138)
	at org.testng.SuiteRunner.privateRun(SuiteRunner.java:298)
	at org.testng.SuiteRunner.run(SuiteRunner.java:261)
	at org.testng.SuiteRunnerWorker.runSuite(SuiteRunnerWorker.java:52)
	at org.testng.SuiteRunnerWorker.run(SuiteRunnerWorker.java:86)
	at org.testng.TestNG.runSuitesSequentially(TestNG.java:1215)
	at org.testng.TestNG.runSuitesLocally(TestNG.java:1140)
	at org.testng.TestNG.run(TestNG.java:1048)
	at org.testng.remote.RemoteTestNG.run(RemoteTestNG.java:112)
	at org.testng.remote.RemoteTestNG.initAndRun(RemoteTestNG.java:205)
	at org.testng.remote.RemoteTestNG.main(RemoteTestNG.java:176)
Caused by: org.openqa.selenium.firefox.NotConnectedException: Unable to connect to host 127.0.0.1 on port 7055 after 45000 ms. Firefox console output:
s.xpi	DEBUG	Registering manifest for C:\Program Files\Mozilla Firefox\browser\features\webcompat@mozilla.org.xpi
1497404745552	addons.xpi	DEBUG	Calling bootstrap method startup on webcompat@mozilla.org version 1.0
1497404745554	addons.manager	DEBUG	Registering shutdown blocker for XPIProvider
1497404745554	addons.manager	DEBUG	Provider finished startup: XPIProvider
1497404745554	addons.manager	DEBUG	Starting provider: LightweightThemeManager
1497404745554	addons.manager	DEBUG	Registering shutdown blocker for LightweightThemeManager
1497404745554	addons.manager	DEBUG	Provider finished startup: LightweightThemeManager
1497404745554	addons.manager	DEBUG	Starting provider: GMPProvider
1497404745558	addons.manager	DEBUG	Registering shutdown blocker for GMPProvider
1497404745559	addons.manager	DEBUG	Provider finished startup: GMPProvider
1497404745559	addons.manager	DEBUG	Starting provider: PluginProvider
1497404745559	addons.manager	DEBUG	Registering shutdown blocker for PluginProvider
1497404745559	addons.manager	DEBUG	Provider finished startup: PluginProvider
1497404745560	addons.manager	DEBUG	Completed startup sequence
1497404746943	DeferredSave.extensions.json	DEBUG	Starting timer
1497404746954	addons.manager	DEBUG	Starting provider: <unnamed-provider>
1497404746954	addons.manager	DEBUG	Registering shutdown blocker for <unnamed-provider>
1497404746955	addons.manager	DEBUG	Provider finished startup: <unnamed-provider>
1497404746969	DeferredSave.extensions.json	DEBUG	Starting write
1497404747656	addons.repository	DEBUG	No addons.json found.
1497404747656	DeferredSave.addons.json	DEBUG	Save changes
1497404747659	DeferredSave.addons.json	DEBUG	Starting timer
1497404747736	addons.manager	DEBUG	Starting provider: PreviousExperimentProvider
1497404747737	addons.manager	DEBUG	Registering shutdown blocker for PreviousExperimentProvider
1497404747737	addons.manager	DEBUG	Provider finished startup: PreviousExperimentProvider
1497404747741	DeferredSave.addons.json	DEBUG	Starting write
1497404747743	DeferredSave.extensions.json	DEBUG	Write succeeded
1497404747789	DeferredSave.addons.json	DEBUG	Write succeeded
[GPU 16428] WARNING: pipe error: 109: file c:/builds/moz2_slave/m-rel-w64-00000000000000000000/build/src/ipc/chromium/src/chrome/common/ipc_channel_win.cc, line 346
1497404782105	addons.xpi	DEBUG	Calling bootstrap method shutdown on webcompat@mozilla.org version 1.0
1497404782105	addons.xpi	DEBUG	Calling bootstrap method shutdown on firefox@getpocket.com version 1.0.5
1497404782106	addons.xpi	DEBUG	Calling bootstrap method shutdown on e10srollout@mozilla.org version 1.14
1497404782107	addons.xpi	DEBUG	Calling bootstrap method shutdown on aushelper@mozilla.org version 2.0
[GPU 16428] WARNING: pipe error: 109: file c:/builds/moz2_slave/m-rel-w64-00000000000000000000/build/src/ipc/chromium/src/chrome/common/ipc_channel_win.cc, line 346
[Child 21724] WARNING: pipe error: 109: file c:/builds/moz2_slave/m-rel-w64-00000000000000000000/build/src/ipc/chromium/src/chrome/common/ipc_channel_win.cc, line 346
[Child 21724] WARNING: pipe error: 109: file c:/builds/moz2_slave/m-rel-w64-00000000000000000000/build/src/ipc/chromium/src/chrome/common/ipc_channel_win.cc, line 346
1497404782266	addons.manager	DEBUG	shutdown
1497404782266	addons.manager	DEBUG	Calling shutdown blocker for XPIProvider
1497404782266	addons.xpi	DEBUG	shutdown
1497404782266	addons.xpi-utils	DEBUG	shutdown
1497404782267	addons.manager	DEBUG	Calling shutdown blocker for LightweightThemeManager
1497404782267	addons.manager	DEBUG	Calling shutdown blocker for GMPProvider
1497404782269	addons.manager	DEBUG	Calling shutdown blocker for PluginProvider
1497404782269	addons.manager	DEBUG	Calling shutdown blocker for <unnamed-provider>
1497404782270	addons.manager	DEBUG	Calling shutdown blocker for PreviousExperimentProvider
1497404782272	addons.xpi	DEBUG	Notifying XPI shutdown observers
1497404782275	addons.manager	DEBUG	Async provider shutdown done

###!!! [Child][MessageChannel::SendAndWait] Error: Channel error: cannot send/recv


	at org.openqa.selenium.firefox.internal.NewProfileExtensionConnection.start(NewProfileExtensionConnection.java:112)
	... 25 more
]]>
    </error>
  </testcase> <!-- searchTestNGInGoogle -->
</testsuite> <!-- com.testng.examples.searchexamples -->
