<?xml version="1.0" encoding="UTF-8"?>
<!-- Generated by org.testng.reporters.JUnitReportReporter -->
<testsuite hostname="sattiieshh-PC" name="com.testng.examples.RemoveCharTest" tests="3" failures="0" timestamp="5 Jul 2017 22:52:38 GMT" time="0.010" errors="0">
  <testcase name="testBuiltinFuncApproach" time="0.008" classname="com.testng.examples.RemoveCharTest"/>
  <testcase name="testIllegalArguments" time="0.001" classname="com.testng.examples.RemoveCharTest"/>
  <testcase name="testIterativeApproach" time="0.001" classname="com.testng.examples.RemoveCharTest"/>
</testsuite> <!-- com.testng.examples.RemoveCharTest -->
