<?xml version="1.0" encoding="UTF-8"?>
<!-- Generated by org.testng.reporters.JUnitReportReporter -->
<testsuite hostname="sattiieshh-PC" name="com.testng.examples.Mytest" tests="2" failures="0" timestamp="14 Jun 2017 16:44:07 GMT" time="0.003" errors="0">
  <testcase name="f" time="0.003" classname="com.testng.examples.Mytest"/>
  <testcase name="f" time="0.000" classname="com.testng.examples.Mytest"/>
</testsuite> <!-- com.testng.examples.Mytest -->
